(109, 109)
pred 0 but not true label
0 216.0
pred 1 but not true label
108 1.0
1 141.0
pred 2 but not true label
2 553.0
pred 3 but not true label
3 81.0
pred 4 but not true label
4 60.0
pred 5 but not true label
108 1.0
5 53.0
pred 6 but not true label
6 60.0
pred 7 but not true label
108 1.0
7 518.0
pred 8 but not true label
108 3.0
8 554.0
pred 9 but not true label
108 1.0
9 59.0
pred 10 but not true label
60 1.0
108 2.0
10 1656.0
pred 11 but not true label
11 183.0
pred 12 but not true label
11 1.0
108 1.0
12 66.0
pred 13 but not true label
13 186.0
pred 14 but not true label
14 121.0
pred 15 but not true label
15 92.0
pred 16 but not true label
16 64.0
pred 17 but not true label
17 118.0
pred 18 but not true label
18 102.0
pred 19 but not true label
108 1.0
19 480.0
pred 20 but not true label
20 220.0
pred 21 but not true label
21 198.0
pred 22 but not true label
22 200.0
pred 23 but not true label
23 100.0
pred 24 but not true label
24 202.0
pred 25 but not true label
25 186.0
pred 26 but not true label
108 2.0
26 637.0
pred 27 but not true label
27 169.0
pred 28 but not true label
28 96.0
pred 29 but not true label
29 236.0
pred 30 but not true label
30 196.0
pred 31 but not true label
31 128.0
pred 32 but not true label
32 176.0
pred 33 but not true label
33 93.0
pred 34 but not true label
34 160.0
pred 35 but not true label
35 44.0
pred 36 but not true label
51 2.0
108 7.0
36 214.0
pred 37 but not true label
108 1.0
37 276.0
pred 38 but not true label
38 151.0
pred 39 but not true label
39 224.0
pred 40 but not true label
40 143.0
pred 41 but not true label
41 116.0
pred 42 but not true label
42 185.0
pred 43 but not true label
2 1.0
108 2.0
43 1013.0
pred 44 but not true label
44 58.0
pred 45 but not true label
45 126.0
pred 46 but not true label
108 2.0
46 507.0
pred 47 but not true label
108 3.0
47 106.0
pred 48 but not true label
29 1.0
108 1.0
48 68.0
pred 49 but not true label
49 173.0
pred 50 but not true label
50 88.0
pred 51 but not true label
36 1.0
108 6.0
51 1011.0
pred 52 but not true label
52 139.0
pred 53 but not true label
108 2.0
53 178.0
pred 54 but not true label
108 1.0
54 398.0
pred 55 but not true label
55 169.0
pred 56 but not true label
56 228.0
pred 57 but not true label
57 49.0
pred 58 but not true label
58 216.0
pred 59 but not true label
108 1.0
59 597.0
pred 60 but not true label
108 2.0
60 119.0
pred 61 but not true label
61 590.0
pred 62 but not true label
62 88.0
pred 63 but not true label
8 1.0
108 1.0
63 207.0
pred 64 but not true label
108 5.0
64 2597.0
pred 65 but not true label
65 124.0
pred 66 but not true label
66 168.0
pred 67 but not true label
67 117.0
pred 68 but not true label
68 125.0
pred 69 but not true label
69 72.0
pred 70 but not true label
108 3.0
70 285.0
pred 71 but not true label
71 211.0
pred 72 but not true label
72 90.0
pred 73 but not true label
59 1.0
108 3.0
73 324.0
pred 74 but not true label
108 3.0
74 285.0
pred 75 but not true label
75 106.0
pred 76 but not true label
108 1.0
76 20.0
pred 77 but not true label
77 176.0
pred 78 but not true label
108 2.0
78 54.0
pred 79 but not true label
79 158.0
pred 80 but not true label
80 92.0
pred 81 but not true label
81 97.0
pred 82 but not true label
82 63.0
pred 83 but not true label
83 60.0
pred 84 but not true label
84 190.0
pred 85 but not true label
85 131.0
pred 86 but not true label
86 191.0
pred 87 but not true label
87 168.0
pred 88 but not true label
108 1.0
91 1.0
88 186.0
pred 89 but not true label
3 1.0
108 3.0
89 1612.0
pred 90 but not true label
108 1.0
90 86.0
pred 91 but not true label
108 4.0
91 1350.0
pred 92 but not true label
92 191.0
pred 93 but not true label
93 91.0
pred 94 but not true label
108 1.0
94 204.0
pred 95 but not true label
95 143.0
pred 96 but not true label
96 30.0
pred 97 but not true label
97 211.0
pred 98 but not true label
98 88.0
pred 99 but not true label
108 2.0
99 880.0
pred 100 but not true label
100 195.0
pred 101 but not true label
101 196.0
pred 102 but not true label
102 176.0
pred 103 but not true label
108 1.0
103 192.0
pred 104 but not true label
104 582.0
pred 105 but not true label
105 65.0
pred 106 but not true label
106 156.0
pred 107 but not true label
59 1.0
43 1.0
19 2.0
true label is 0
0 216.0
true label is 1
1 141.0
true label is 2
43 1.0
2 553.0
true label is 3
89 1.0
3 81.0
true label is 4
4 60.0
true label is 5
5 53.0
true label is 6
6 60.0
true label is 7
7 518.0
true label is 8
63 1.0
8 554.0
true label is 9
9 59.0
true label is 10
10 1656.0
true label is 11
12 1.0
11 183.0
true label is 12
12 66.0
true label is 13
13 186.0
true label is 14
14 121.0
true label is 15
15 92.0
true label is 16
16 64.0
true label is 17
17 118.0
true label is 18
18 102.0
true label is 19
107 2.0
19 480.0
true label is 20
20 220.0
true label is 21
21 198.0
true label is 22
108 1.0
22 200.0
true label is 23
23 100.0
true label is 24
24 202.0
true label is 25
25 186.0
true label is 26
26 637.0
true label is 27
27 169.0
true label is 28
28 96.0
true label is 29
48 1.0
29 236.0
true label is 30
30 196.0
true label is 31
31 128.0
true label is 32
32 176.0
true label is 33
33 93.0
true label is 34
34 160.0
true label is 35
35 44.0
true label is 36
51 1.0
36 214.0
true label is 37
37 276.0
true label is 38
38 151.0
true label is 39
39 224.0
true label is 40
40 143.0
true label is 41
41 116.0
true label is 42
42 185.0
true label is 43
107 1.0
43 1013.0
true label is 44
44 58.0
true label is 45
45 126.0
true label is 46
46 507.0
true label is 47
47 106.0
true label is 48
48 68.0
true label is 49
49 173.0
true label is 50
50 88.0
true label is 51
36 2.0
51 1011.0
true label is 52
52 139.0
true label is 53
53 178.0
true label is 54
54 398.0
true label is 55
55 169.0
true label is 56
56 228.0
true label is 57
57 49.0
true label is 58
58 216.0
true label is 59
73 1.0
107 1.0
59 597.0
true label is 60
10 1.0
60 119.0
true label is 61
61 590.0
true label is 62
62 88.0
true label is 63
63 207.0
true label is 64
108 2.0
64 2597.0
true label is 65
65 124.0
true label is 66
66 168.0
true label is 67
67 117.0
true label is 68
68 125.0
true label is 69
69 72.0
true label is 70
70 285.0
true label is 71
71 211.0
true label is 72
72 90.0
true label is 73
73 324.0
true label is 74
74 285.0
true label is 75
75 106.0
true label is 76
76 20.0
true label is 77
77 176.0
true label is 78
78 54.0
true label is 79
79 158.0
true label is 80
80 92.0
true label is 81
81 97.0
true label is 82
82 63.0
true label is 83
83 60.0
true label is 84
84 190.0
true label is 85
85 131.0
true label is 86
86 191.0
true label is 87
87 168.0
true label is 88
108 1.0
88 186.0
true label is 89
89 1612.0
true label is 90
90 86.0
true label is 91
88 1.0
91 1350.0
true label is 92
92 191.0
true label is 93
93 91.0
true label is 94
94 204.0
true label is 95
95 143.0
true label is 96
96 30.0
true label is 97
97 211.0
true label is 98
98 88.0
true label is 99
99 880.0
true label is 100
100 195.0
true label is 101
101 196.0
true label is 102
102 176.0
true label is 103
103 192.0
true label is 104
104 582.0
true label is 105
105 65.0
true label is 106
106 156.0
true label is 107
108 2053.0
[[ 39.   0.   0. ...  24. 169.   0.]
 [  0. 141.   0. ...   0. 254.   0.]
 [  0.   0. 553. ...   0. 321.   0.]
 ...
 [  0.   0.   0. ... 156.  82.   0.]
 [  0.   0.   0. ...   0.   0.   0.]
 [  0.   0.   0. ...   0.   0.   0.]]
